<?xml version="1.0" encoding="UTF-8"?>
<testng-results ignored="0" total="8" passed="7" failed="1" skipped="0">
  <reporter-output>
  </reporter-output>
  <suite started-at="2022-09-28T13:06:56 IST" name="Suite" finished-at="2022-09-28T13:07:11 IST" duration-ms="14424">
    <groups>
      <group name="Chrome">
        <method signature="GroupTest.launchChrome()[pri:0, instance:com.simplilearn.testing.GroupTest@10e31a9a]" name="launchChrome" class="com.simplilearn.testing.GroupTest"/>
        <method signature="GroupTest.loginWithChrome()[pri:0, instance:com.simplilearn.testing.GroupTest@10e31a9a]" name="loginWithChrome" class="com.simplilearn.testing.GroupTest"/>
      </group> <!-- Chrome -->
      <group name="Firefox">
        <method signature="GroupTest.launchFireFox()[pri:0, instance:com.simplilearn.testing.GroupTest@10e31a9a]" name="launchFireFox" class="com.simplilearn.testing.GroupTest"/>
        <method signature="GroupTest.loginWithFireFox()[pri:0, instance:com.simplilearn.testing.GroupTest@10e31a9a]" name="loginWithFireFox" class="com.simplilearn.testing.GroupTest"/>
      </group> <!-- Firefox -->
    </groups>
    <test started-at="2022-09-28T13:06:56 IST" name="Test" finished-at="2022-09-28T13:07:11 IST" duration-ms="14424">
      <class name="com.simplilearn.testing.GroupTest">
        <test-method signature="launchChrome()[pri:0, instance:com.simplilearn.testing.GroupTest@10e31a9a]" started-at="2022-09-28T13:07:01 IST" name="launchChrome" finished-at="2022-09-28T13:07:05 IST" duration-ms="4489" status="PASS">
          <reporter-output>
          </reporter-output>
        </test-method> <!-- launchChrome -->
        <test-method signature="launchFireFox()[pri:0, instance:com.simplilearn.testing.GroupTest@10e31a9a]" started-at="2022-09-28T13:07:05 IST" name="launchFireFox" finished-at="2022-09-28T13:07:10 IST" duration-ms="4615" status="PASS">
          <reporter-output>
          </reporter-output>
        </test-method> <!-- launchFireFox -->
        <test-method signature="loginWithChrome()[pri:0, instance:com.simplilearn.testing.GroupTest@10e31a9a]" started-at="2022-09-28T13:07:10 IST" name="loginWithChrome" finished-at="2022-09-28T13:07:10 IST" depends-on-methods="com.simplilearn.testing.GroupTest.launchChrome" duration-ms="387" status="PASS">
          <reporter-output>
          </reporter-output>
        </test-method> <!-- loginWithChrome -->
        <test-method signature="loginWithFireFox()[pri:0, instance:com.simplilearn.testing.GroupTest@10e31a9a]" started-at="2022-09-28T13:07:10 IST" name="loginWithFireFox" finished-at="2022-09-28T13:07:11 IST" depends-on-methods="com.simplilearn.testing.GroupTest.launchFireFox" duration-ms="55" status="FAIL">
          <exception class="org.openqa.selenium.NoSuchSessionException">
            <message>
              <![CDATA[invalid session id
Build info: version: '4.4.0', revision: 'e5c75ed026a'
System info: host: 'LAPTOP-29KQP31O', ip: '192.168.0.101', os.name: 'Windows 11', os.arch: 'amd64', os.version: '10.0', java.version: '17.0.4.1'
Driver info: org.openqa.selenium.chrome.ChromeDriver
Command: [cd9d33ae233b071c0620963f12622918, findElement {using=id, value=email}]
Capabilities {acceptInsecureCerts: false, browserName: chrome, browserVersion: 105.0.5195.127, chrome: {chromedriverVersion: 105.0.5195.52 (412c95e51883..., userDataDir: C:\Users\sweat\AppData\Loca...}, goog:chromeOptions: {debuggerAddress: localhost:53401}, networkConnectionEnabled: false, pageLoadStrategy: normal, platformName: WINDOWS, proxy: Proxy(), se:cdp: ws://localhost:53401/devtoo..., se:cdpVersion: 105.0.5195.127, setWindowRect: true, strictFileInteractability: false, timeouts: {implicit: 0, pageLoad: 300000, script: 30000}, unhandledPromptBehavior: dismiss and notify, webauthn:extension:credBlob: true, webauthn:extension:largeBlob: true, webauthn:virtualAuthenticators: true}
Session ID: cd9d33ae233b071c0620963f12622918]]>
            </message>
            <full-stacktrace>
              <![CDATA[org.openqa.selenium.NoSuchSessionException: invalid session id
Build info: version: '4.4.0', revision: 'e5c75ed026a'
System info: host: 'LAPTOP-29KQP31O', ip: '192.168.0.101', os.name: 'Windows 11', os.arch: 'amd64', os.version: '10.0', java.version: '17.0.4.1'
Driver info: org.openqa.selenium.chrome.ChromeDriver
Command: [cd9d33ae233b071c0620963f12622918, findElement {using=id, value=email}]
Capabilities {acceptInsecureCerts: false, browserName: chrome, browserVersion: 105.0.5195.127, chrome: {chromedriverVersion: 105.0.5195.52 (412c95e51883..., userDataDir: C:\Users\sweat\AppData\Loca...}, goog:chromeOptions: {debuggerAddress: localhost:53401}, networkConnectionEnabled: false, pageLoadStrategy: normal, platformName: WINDOWS, proxy: Proxy(), se:cdp: ws://localhost:53401/devtoo..., se:cdpVersion: 105.0.5195.127, setWindowRect: true, strictFileInteractability: false, timeouts: {implicit: 0, pageLoad: 300000, script: 30000}, unhandledPromptBehavior: dismiss and notify, webauthn:extension:credBlob: true, webauthn:extension:largeBlob: true, webauthn:virtualAuthenticators: true}
Session ID: cd9d33ae233b071c0620963f12622918
at java.base/jdk.internal.reflect.NativeConstructorAccessorImpl.newInstance0(Native Method)
at java.base/jdk.internal.reflect.NativeConstructorAccessorImpl.newInstance(NativeConstructorAccessorImpl.java:77)
at java.base/jdk.internal.reflect.DelegatingConstructorAccessorImpl.newInstance(DelegatingConstructorAccessorImpl.java:45)
at java.base/java.lang.reflect.Constructor.newInstanceWithCaller(Constructor.java:499)
at java.base/java.lang.reflect.Constructor.newInstance(Constructor.java:480)
at org.openqa.selenium.remote.codec.w3c.W3CHttpResponseCodec.createException(W3CHttpResponseCodec.java:200)
at org.openqa.selenium.remote.codec.w3c.W3CHttpResponseCodec.decode(W3CHttpResponseCodec.java:133)
at org.openqa.selenium.remote.codec.w3c.W3CHttpResponseCodec.decode(W3CHttpResponseCodec.java:53)
at org.openqa.selenium.remote.HttpCommandExecutor.execute(HttpCommandExecutor.java:184)
at org.openqa.selenium.remote.service.DriverCommandExecutor.invokeExecute(DriverCommandExecutor.java:167)
at org.openqa.selenium.remote.service.DriverCommandExecutor.execute(DriverCommandExecutor.java:142)
at org.openqa.selenium.remote.RemoteWebDriver.execute(RemoteWebDriver.java:547)
at org.openqa.selenium.remote.ElementLocation$ElementFinder$2.findElement(ElementLocation.java:162)
at org.openqa.selenium.remote.ElementLocation.findElement(ElementLocation.java:60)
at org.openqa.selenium.remote.RemoteWebDriver.findElement(RemoteWebDriver.java:365)
at org.openqa.selenium.remote.RemoteWebDriver.findElement(RemoteWebDriver.java:357)
at com.simplilearn.testing.GroupTest.loginWithFireFox(GroupTest.java:55)
at java.base/jdk.internal.reflect.NativeMethodAccessorImpl.invoke0(Native Method)
at java.base/jdk.internal.reflect.NativeMethodAccessorImpl.invoke(NativeMethodAccessorImpl.java:77)
at java.base/jdk.internal.reflect.DelegatingMethodAccessorImpl.invoke(DelegatingMethodAccessorImpl.java:43)
at java.base/java.lang.reflect.Method.invoke(Method.java:568)
at org.testng.internal.invokers.MethodInvocationHelper.invokeMethod(MethodInvocationHelper.java:135)
at org.testng.internal.invokers.TestInvoker.invokeMethod(TestInvoker.java:673)
at org.testng.internal.invokers.TestInvoker.invokeTestMethod(TestInvoker.java:220)
at org.testng.internal.invokers.MethodRunner.runInSequence(MethodRunner.java:50)
at org.testng.internal.invokers.TestInvoker$MethodInvocationAgent.invoke(TestInvoker.java:945)
at org.testng.internal.invokers.TestInvoker.invokeTestMethods(TestInvoker.java:193)
at org.testng.internal.invokers.TestMethodWorker.invokeTestMethods(TestMethodWorker.java:146)
at org.testng.internal.invokers.TestMethodWorker.run(TestMethodWorker.java:128)
at java.base/java.util.ArrayList.forEach(ArrayList.java:1511)
at org.testng.TestRunner.privateRun(TestRunner.java:808)
at org.testng.TestRunner.run(TestRunner.java:603)
at org.testng.SuiteRunner.runTest(SuiteRunner.java:429)
at org.testng.SuiteRunner.runSequentially(SuiteRunner.java:423)
at org.testng.SuiteRunner.privateRun(SuiteRunner.java:383)
at org.testng.SuiteRunner.run(SuiteRunner.java:326)
at org.testng.SuiteRunnerWorker.runSuite(SuiteRunnerWorker.java:52)
at org.testng.SuiteRunnerWorker.run(SuiteRunnerWorker.java:95)
at org.testng.TestNG.runSuitesSequentially(TestNG.java:1249)
at org.testng.TestNG.runSuitesLocally(TestNG.java:1169)
at org.testng.TestNG.runSuites(TestNG.java:1092)
at org.testng.TestNG.run(TestNG.java:1060)
at org.testng.remote.AbstractRemoteTestNG.run(AbstractRemoteTestNG.java:115)
at org.testng.remote.RemoteTestNG.initAndRun(RemoteTestNG.java:251)
at org.testng.remote.RemoteTestNG.main(RemoteTestNG.java:77)
]]>
            </full-stacktrace>
          </exception> <!-- org.openqa.selenium.NoSuchSessionException -->
          <reporter-output>
          </reporter-output>
        </test-method> <!-- loginWithFireFox -->
      </class> <!-- com.simplilearn.testing.GroupTest -->
      <class name="com.simplilearn.testing.FacebookLogin">
        <test-method is-config="true" signature="beforeMethod()[pri:0, instance:com.simplilearn.testing.FacebookLogin@5ffead27]" started-at="2022-09-28T13:06:56 IST" name="beforeMethod" finished-at="2022-09-28T13:06:58 IST" duration-ms="1641" status="PASS">
          <reporter-output>
          </reporter-output>
        </test-method> <!-- beforeMethod -->
        <test-method signature="facebook()[pri:0, instance:com.simplilearn.testing.FacebookLogin@5ffead27]" started-at="2022-09-28T13:06:58 IST" name="facebook" finished-at="2022-09-28T13:06:59 IST" duration-ms="1159" status="PASS">
          <reporter-output>
          </reporter-output>
        </test-method> <!-- facebook -->
        <test-method is-config="true" signature="afterMethod()[pri:0, instance:com.simplilearn.testing.FacebookLogin@5ffead27]" started-at="2022-09-28T13:06:59 IST" name="afterMethod" finished-at="2022-09-28T13:06:59 IST" duration-ms="0" status="PASS">
          <reporter-output>
          </reporter-output>
        </test-method> <!-- afterMethod -->
      </class> <!-- com.simplilearn.testing.FacebookLogin -->
      <class name="com.simplilearn.testing.AssertionExample">
        <test-method is-config="true" signature="beforeMethod()[pri:0, instance:com.simplilearn.testing.AssertionExample@36bc55de]" started-at="2022-09-28T13:06:59 IST" name="beforeMethod" finished-at="2022-09-28T13:07:00 IST" duration-ms="686" status="PASS">
          <reporter-output>
          </reporter-output>
        </test-method> <!-- beforeMethod -->
        <test-method signature="TitleTest()[pri:0, instance:com.simplilearn.testing.AssertionExample@36bc55de]" started-at="2022-09-28T13:07:00 IST" name="TitleTest" finished-at="2022-09-28T13:07:01 IST" duration-ms="1328" status="PASS">
          <reporter-output>
          </reporter-output>
        </test-method> <!-- TitleTest -->
        <test-method is-config="true" signature="afterMethod()[pri:0, instance:com.simplilearn.testing.AssertionExample@36bc55de]" started-at="2022-09-28T13:07:01 IST" name="afterMethod" finished-at="2022-09-28T13:07:01 IST" duration-ms="1" status="PASS">
          <reporter-output>
          </reporter-output>
        </test-method> <!-- afterMethod -->
      </class> <!-- com.simplilearn.testing.AssertionExample -->
      <class name="com.simplilearn.testing.FirstDemo">
        <test-method is-config="true" signature="beforeSuite()[pri:0, instance:com.simplilearn.testing.FirstDemo@223d2c72]" started-at="2022-09-28T13:06:56 IST" name="beforeSuite" finished-at="2022-09-28T13:06:56 IST" duration-ms="7" status="PASS">
          <reporter-output>
          </reporter-output>
        </test-method> <!-- beforeSuite -->
        <test-method is-config="true" signature="beforeTest()[pri:0, instance:com.simplilearn.testing.FirstDemo@223d2c72]" started-at="2022-09-28T13:06:56 IST" name="beforeTest" finished-at="2022-09-28T13:06:56 IST" duration-ms="1" status="PASS">
          <reporter-output>
          </reporter-output>
        </test-method> <!-- beforeTest -->
        <test-method is-config="true" signature="beforeClass()[pri:0, instance:com.simplilearn.testing.FirstDemo@223d2c72]" started-at="2022-09-28T13:07:01 IST" name="beforeClass" finished-at="2022-09-28T13:07:01 IST" duration-ms="0" status="PASS">
          <reporter-output>
          </reporter-output>
        </test-method> <!-- beforeClass -->
        <test-method signature="Hello()[pri:0, instance:com.simplilearn.testing.FirstDemo@223d2c72]" started-at="2022-09-28T13:07:01 IST" name="Hello" finished-at="2022-09-28T13:07:01 IST" duration-ms="1" status="PASS">
          <reporter-output>
          </reporter-output>
        </test-method> <!-- Hello -->
        <test-method is-config="true" signature="beforeMethod()[pri:0, instance:com.simplilearn.testing.FirstDemo@223d2c72]" started-at="2022-09-28T13:07:01 IST" name="beforeMethod" finished-at="2022-09-28T13:07:01 IST" duration-ms="0" status="PASS">
          <reporter-output>
          </reporter-output>
        </test-method> <!-- beforeMethod -->
        <test-method is-config="true" signature="afterMethod()[pri:0, instance:com.simplilearn.testing.FirstDemo@223d2c72]" started-at="2022-09-28T13:07:01 IST" name="afterMethod" finished-at="2022-09-28T13:07:01 IST" duration-ms="0" status="PASS">
          <reporter-output>
          </reporter-output>
        </test-method> <!-- afterMethod -->
        <test-method is-config="true" signature="beforeMethod()[pri:0, instance:com.simplilearn.testing.FirstDemo@223d2c72]" started-at="2022-09-28T13:07:01 IST" name="beforeMethod" finished-at="2022-09-28T13:07:01 IST" duration-ms="0" status="PASS">
          <reporter-output>
          </reporter-output>
        </test-method> <!-- beforeMethod -->
        <test-method signature="Hello1()[pri:0, instance:com.simplilearn.testing.FirstDemo@223d2c72]" started-at="2022-09-28T13:07:01 IST" name="Hello1" finished-at="2022-09-28T13:07:01 IST" duration-ms="1" status="PASS">
          <reporter-output>
          </reporter-output>
        </test-method> <!-- Hello1 -->
        <test-method is-config="true" signature="afterMethod()[pri:0, instance:com.simplilearn.testing.FirstDemo@223d2c72]" started-at="2022-09-28T13:07:01 IST" name="afterMethod" finished-at="2022-09-28T13:07:01 IST" duration-ms="0" status="PASS">
          <reporter-output>
          </reporter-output>
        </test-method> <!-- afterMethod -->
        <test-method is-config="true" signature="afterClass()[pri:0, instance:com.simplilearn.testing.FirstDemo@223d2c72]" started-at="2022-09-28T13:07:01 IST" name="afterClass" finished-at="2022-09-28T13:07:01 IST" duration-ms="0" status="PASS">
          <reporter-output>
          </reporter-output>
        </test-method> <!-- afterClass -->
        <test-method is-config="true" signature="afterTest()[pri:0, instance:com.simplilearn.testing.FirstDemo@223d2c72]" started-at="2022-09-28T13:07:11 IST" name="afterTest" finished-at="2022-09-28T13:07:11 IST" duration-ms="1" status="PASS">
          <reporter-output>
          </reporter-output>
        </test-method> <!-- afterTest -->
        <test-method is-config="true" signature="afterSuite()[pri:0, instance:com.simplilearn.testing.FirstDemo@223d2c72]" started-at="2022-09-28T13:07:11 IST" name="afterSuite" finished-at="2022-09-28T13:07:11 IST" duration-ms="0" status="PASS">
          <reporter-output>
          </reporter-output>
        </test-method> <!-- afterSuite -->
      </class> <!-- com.simplilearn.testing.FirstDemo -->
    </test> <!-- Test -->
  </suite> <!-- Suite -->
</testng-results>
